<?xml version="1.0" encoding="UTF-8"?>
<!-- Generated by org.testng.reporters.JUnitXMLReporter -->
<testsuite hostname="pradeep-PC" ignored="0" name="Default test" tests="5" failures="1" timestamp="15 Apr 2018 07:44:46 GMT" time="285.381" errors="0">
  <testcase name="Homepagetitletest" time="0.032" classname="com.crm.qa.testcases.Homepagetest"/>
  <testcase name="Loginpagetitletest" time="0.025" classname="com.crm.qa.testcases.Loginpagetest"/>
  <testcase name="Verifyusername" time="200.073" classname="com.crm.qa.testcases.Homepagetest">
    <failure type="org.openqa.selenium.NoSuchFrameException" message="No frame element found by name or id mainpanel
Build info: version: &amp;apos;3.8.1&amp;apos;, revision: &amp;apos;6e95a6684b&amp;apos;, time: &amp;apos;2017-12-01T18:33:54.468Z&amp;apos;
System info: host: &amp;apos;PRADEEP-PC&amp;apos;, ip: &amp;apos;172.20.89.65&amp;apos;, os.name: &amp;apos;Windows 10&amp;apos;, os.arch: &amp;apos;amd64&amp;apos;, os.version: &amp;apos;10.0&amp;apos;, java.version: &amp;apos;1.8.0_152&amp;apos;
Driver info: driver.version: unknown">
      <![CDATA[org.openqa.selenium.NoSuchFrameException: No frame element found by name or id mainpanelBuild info: version: '3.8.1', revision: '6e95a6684b', time: '2017-12-01T18:33:54.468Z'System info: host: 'PRADEEP-PC', ip: '172.20.89.65', os.name: 'Windows 10', os.arch: 'amd64', os.version: '10.0', java.version: '1.8.0_152'Driver info: driver.version: unknownat org.openqa.selenium.remote.RemoteWebDriver$RemoteTargetLocator.frame(RemoteWebDriver.java:940)at com.crm.qa.util.Testutil.Switchtoframe(Testutil.java:11)at com.crm.qa.testcases.Homepagetest.Verifyusername(Homepagetest.java:49)... Removed 25 stack frames]]>
    </failure>
  </testcase> <!-- Verifyusername -->
  <testcase name="loginTest" time="0.119" classname="com.crm.qa.testcases.Loginpagetest"/>
  <testcase name="Contactspagelink" time="12.992" classname="com.crm.qa.testcases.Homepagetest"/>
</testsuite> <!-- Default test -->
